<?xml version="1.0" encoding="UTF-8"?>
<!-- Generated by org.testng.reporters.JUnitReportReporter -->
<testsuite hostname="RND-03" name="com.file.mime.type.MimeTypeFinderTestCase" tests="2" failures="0" timestamp="14 Jul 2014 05:19:04 GMT" time="0.093" errors="0">
  <testcase name="mimeTypeShouldBeOfMPEG" time="0.090" classname="com.file.mime.type.MimeTypeFinderTestCase"/>
  <testcase name="mimeTypeShouldBeOfWAV" time="0.003" classname="com.file.mime.type.MimeTypeFinderTestCase"/>
</testsuite> <!-- com.file.mime.type.MimeTypeFinderTestCase -->
